Importing Libraries...
Importing Data...

Model Used: ExtraTreesRegressor
Starting Hyperparameter Optimization...
Performing BayesSearchCV...
Fitting 10 folds for each of 1 candidates, totalling 10 fits
[CV 1/10] END max_depth=6, max_features=0.7, min_samples_leaf=19, min_samples_split=8, n_estimators=75;, score=-5.667 total time=   1.1s
[CV 2/10] END max_depth=6, max_features=0.7, min_samples_leaf=19, min_samples_split=8, n_estimators=75;, score=-5.787 total time=   1.1s
[CV 3/10] END max_depth=6, max_features=0.7, min_samples_leaf=19, min_samples_split=8, n_estimators=75;, score=-5.378 total time=   1.1s
[CV 4/10] END max_depth=6, max_features=0.7, min_samples_leaf=19, min_samples_split=8, n_estimators=75;, score=-5.584 total time=   1.1s
[CV 5/10] END max_depth=6, max_features=0.7, min_samples_leaf=19, min_samples_split=8, n_estimators=75;, score=-5.554 total time=   1.1s
[CV 6/10] END max_depth=6, max_features=0.7, min_samples_leaf=19, min_samples_split=8, n_estimators=75;, score=-5.735 total time=   1.1s
[CV 7/10] END max_depth=6, max_features=0.7, min_samples_leaf=19, min_samples_split=8, n_estimators=75;, score=-5.749 total time=   1.1s
[CV 8/10] END max_depth=6, max_features=0.7, min_samples_leaf=19, min_samples_split=8, n_estimators=75;, score=-5.792 total time=   1.1s
[CV 9/10] END max_depth=6, max_features=0.7, min_samples_leaf=19, min_samples_split=8, n_estimators=75;, score=-5.589 total time=   1.1s
[CV 10/10] END max_depth=6, max_features=0.7, min_samples_leaf=19, min_samples_split=8, n_estimators=75;, score=-5.023 total time=   1.1s
Fitting 10 folds for each of 1 candidates, totalling 10 fits
[CV 1/10] END max_depth=18, max_features=1.0, min_samples_leaf=7, min_samples_split=19, n_estimators=90;, score=-1.043 total time=   5.6s
[CV 2/10] END max_depth=18, max_features=1.0, min_samples_leaf=7, min_samples_split=19, n_estimators=90;, score=-1.042 total time=   5.6s
[CV 3/10] END max_depth=18, max_features=1.0, min_samples_leaf=7, min_samples_split=19, n_estimators=90;, score=-1.080 total time=   5.6s
[CV 4/10] END max_depth=18, max_features=1.0, min_samples_leaf=7, min_samples_split=19, n_estimators=90;, score=-1.055 total time=   5.6s
[CV 5/10] END max_depth=18, max_features=1.0, min_samples_leaf=7, min_samples_split=19, n_estimators=90;, score=-1.025 total time=   5.6s
[CV 6/10] END max_depth=18, max_features=1.0, min_samples_leaf=7, min_samples_split=19, n_estimators=90;, score=-1.029 total time=   5.6s
[CV 7/10] END max_depth=18, max_features=1.0, min_samples_leaf=7, min_samples_split=19, n_estimators=90;, score=-1.058 total time=   5.6s
[CV 8/10] END max_depth=18, max_features=1.0, min_samples_leaf=7, min_samples_split=19, n_estimators=90;, score=-1.067 total time=   5.6s
[CV 9/10] END max_depth=18, max_features=1.0, min_samples_leaf=7, min_samples_split=19, n_estimators=90;, score=-1.068 total time=   5.6s
[CV 10/10] END max_depth=18, max_features=1.0, min_samples_leaf=7, min_samples_split=19, n_estimators=90;, score=-1.017 total time=   5.6s
Fitting 10 folds for each of 1 candidates, totalling 10 fits
[CV 1/10] END max_depth=10, max_features=1.0, min_samples_leaf=3, min_samples_split=10, n_estimators=39;, score=-1.756 total time=   1.5s
[CV 2/10] END max_depth=10, max_features=1.0, min_samples_leaf=3, min_samples_split=10, n_estimators=39;, score=-1.798 total time=   1.5s
[CV 3/10] END max_depth=10, max_features=1.0, min_samples_leaf=3, min_samples_split=10, n_estimators=39;, score=-1.778 total time=   1.5s
[CV 4/10] END max_depth=10, max_features=1.0, min_samples_leaf=3, min_samples_split=10, n_estimators=39;, score=-1.792 total time=   1.5s
[CV 5/10] END max_depth=10, max_features=1.0, min_samples_leaf=3, min_samples_split=10, n_estimators=39;, score=-1.727 total time=   1.5s
[CV 6/10] END max_depth=10, max_features=1.0, min_samples_leaf=3, min_samples_split=10, n_estimators=39;, score=-1.723 total time=   1.5s
[CV 7/10] END max_depth=10, max_features=1.0, min_samples_leaf=3, min_samples_split=10, n_estimators=39;, score=-1.782 total time=   1.5s
[CV 8/10] END max_depth=10, max_features=1.0, min_samples_leaf=3, min_samples_split=10, n_estimators=39;, score=-1.787 total time=   1.5s
[CV 9/10] END max_depth=10, max_features=1.0, min_samples_leaf=3, min_samples_split=10, n_estimators=39;, score=-1.796 total time=   1.5s
[CV 10/10] END max_depth=10, max_features=1.0, min_samples_leaf=3, min_samples_split=10, n_estimators=39;, score=-1.738 total time=   1.5s
Fitting 10 folds for each of 1 candidates, totalling 10 fits
[CV 1/10] END max_depth=18, max_features=log2, min_samples_leaf=12, min_samples_split=16, n_estimators=64;, score=-2.319 total time=   1.6s
[CV 2/10] END max_depth=18, max_features=log2, min_samples_leaf=12, min_samples_split=16, n_estimators=64;, score=-2.279 total time=   1.6s
[CV 3/10] END max_depth=18, max_features=log2, min_samples_leaf=12, min_samples_split=16, n_estimators=64;, score=-2.344 total time=   1.6s
[CV 4/10] END max_depth=18, max_features=log2, min_samples_leaf=12, min_samples_split=16, n_estimators=64;, score=-2.480 total time=   1.6s
[CV 5/10] END max_depth=18, max_features=log2, min_samples_leaf=12, min_samples_split=16, n_estimators=64;, score=-2.136 total time=   1.6s
[CV 6/10] END max_depth=18, max_features=log2, min_samples_leaf=12, min_samples_split=16, n_estimators=64;, score=-2.467 total time=   1.6s
[CV 7/10] END max_depth=18, max_features=log2, min_samples_leaf=12, min_samples_split=16, n_estimators=64;, score=-2.333 total time=   1.6s
[CV 8/10] END max_depth=18, max_features=log2, min_samples_leaf=12, min_samples_split=16, n_estimators=64;, score=-2.538 total time=   1.6s
[CV 9/10] END max_depth=18, max_features=log2, min_samples_leaf=12, min_samples_split=16, n_estimators=64;, score=-2.360 total time=   1.6s
[CV 10/10] END max_depth=18, max_features=log2, min_samples_leaf=12, min_samples_split=16, n_estimators=64;, score=-2.456 total time=   1.6s
Fitting 10 folds for each of 1 candidates, totalling 10 fits
[CV 1/10] END max_depth=18, max_features=0.1, min_samples_leaf=11, min_samples_split=15, n_estimators=93;, score=-9.499 total time=   1.5s
[CV 2/10] END max_depth=18, max_features=0.1, min_samples_leaf=11, min_samples_split=15, n_estimators=93;, score=-9.243 total time=   1.5s
[CV 3/10] END max_depth=18, max_features=0.1, min_samples_leaf=11, min_samples_split=15, n_estimators=93;, score=-9.037 total time=   1.5s
[CV 4/10] END max_depth=18, max_features=0.1, min_samples_leaf=11, min_samples_split=15, n_estimators=93;, score=-8.521 total time=   1.5s
[CV 5/10] END max_depth=18, max_features=0.1, min_samples_leaf=11, min_samples_split=15, n_estimators=93;, score=-9.490 total time=   1.5s
[CV 6/10] END max_depth=18, max_features=0.1, min_samples_leaf=11, min_samples_split=15, n_estimators=93;, score=-9.125 total time=   1.5s
[CV 7/10] END max_depth=18, max_features=0.1, min_samples_leaf=11, min_samples_split=15, n_estimators=93;, score=-9.557 total time=   1.5s
[CV 8/10] END max_depth=18, max_features=0.1, min_samples_leaf=11, min_samples_split=15, n_estimators=93;, score=-9.579 total time=   1.5s
[CV 9/10] END max_depth=18, max_features=0.1, min_samples_leaf=11, min_samples_split=15, n_estimators=93;, score=-9.858 total time=   1.5s
[CV 10/10] END max_depth=18, max_features=0.1, min_samples_leaf=11, min_samples_split=15, n_estimators=93;, score=-9.174 total time=   1.5s
Fitting 10 folds for each of 1 candidates, totalling 10 fits
[CV 1/10] END max_depth=18, max_features=1.0, min_samples_leaf=4, min_samples_split=5, n_estimators=85;, score=-1.000 total time=   5.8s
[CV 2/10] END max_depth=18, max_features=1.0, min_samples_leaf=4, min_samples_split=5, n_estimators=85;, score=-0.994 total time=   5.8s
[CV 3/10] END max_depth=18, max_features=1.0, min_samples_leaf=4, min_samples_split=5, n_estimators=85;, score=-1.041 total time=   5.8s
[CV 4/10] END max_depth=18, max_features=1.0, min_samples_leaf=4, min_samples_split=5, n_estimators=85;, score=-1.027 total time=   5.8s
[CV 5/10] END max_depth=18, max_features=1.0, min_samples_leaf=4, min_samples_split=5, n_estimators=85;, score=-0.990 total time=   5.8s
[CV 6/10] END max_depth=18, max_features=1.0, min_samples_leaf=4, min_samples_split=5, n_estimators=85;, score=-0.996 total time=   5.8s
[CV 7/10] END max_depth=18, max_features=1.0, min_samples_leaf=4, min_samples_split=5, n_estimators=85;, score=-1.022 total time=   5.8s
[CV 8/10] END max_depth=18, max_features=1.0, min_samples_leaf=4, min_samples_split=5, n_estimators=85;, score=-1.022 total time=   5.8s
[CV 9/10] END max_depth=18, max_features=1.0, min_samples_leaf=4, min_samples_split=5, n_estimators=85;, score=-1.030 total time=   5.8s
[CV 10/10] END max_depth=18, max_features=1.0, min_samples_leaf=4, min_samples_split=5, n_estimators=85;, score=-0.984 total time=   5.8s
Fitting 10 folds for each of 1 candidates, totalling 10 fits
[CV 1/10] END max_depth=14, max_features=0.7, min_samples_leaf=8, min_samples_split=18, n_estimators=69;, score=-1.440 total time=   2.4s
[CV 2/10] END max_depth=14, max_features=0.7, min_samples_leaf=8, min_samples_split=18, n_estimators=69;, score=-1.491 total time=   2.4s
[CV 3/10] END max_depth=14, max_features=0.7, min_samples_leaf=8, min_samples_split=18, n_estimators=69;, score=-1.494 total time=   2.4s
[CV 4/10] END max_depth=14, max_features=0.7, min_samples_leaf=8, min_samples_split=18, n_estimators=69;, score=-1.476 total time=   2.4s
[CV 5/10] END max_depth=14, max_features=0.7, min_samples_leaf=8, min_samples_split=18, n_estimators=69;, score=-1.449 total time=   2.4s
[CV 6/10] END max_depth=14, max_features=0.7, min_samples_leaf=8, min_samples_split=18, n_estimators=69;, score=-1.428 total time=   2.4s
[CV 7/10] END max_depth=14, max_features=0.7, min_samples_leaf=8, min_samples_split=18, n_estimators=69;, score=-1.508 total time=   2.4s
[CV 8/10] END max_depth=14, max_features=0.7, min_samples_leaf=8, min_samples_split=18, n_estimators=69;, score=-1.476 total time=   2.4s
[CV 9/10] END max_depth=14, max_features=0.7, min_samples_leaf=8, min_samples_split=18, n_estimators=69;, score=-1.486 total time=   2.4s
[CV 10/10] END max_depth=14, max_features=0.7, min_samples_leaf=8, min_samples_split=18, n_estimators=69;, score=-1.427 total time=   2.4s
Fitting 10 folds for each of 1 candidates, totalling 10 fits
[CV 1/10] END max_depth=10, max_features=1.0, min_samples_leaf=10, min_samples_split=17, n_estimators=49;, score=-1.757 total time=   1.9s
[CV 2/10] END max_depth=10, max_features=1.0, min_samples_leaf=10, min_samples_split=17, n_estimators=49;, score=-1.787 total time=   1.8s
[CV 3/10] END max_depth=10, max_features=1.0, min_samples_leaf=10, min_samples_split=17, n_estimators=49;, score=-1.771 total time=   1.8s
[CV 4/10] END max_depth=10, max_features=1.0, min_samples_leaf=10, min_samples_split=17, n_estimators=49;, score=-1.786 total time=   1.8s
[CV 5/10] END max_depth=10, max_features=1.0, min_samples_leaf=10, min_samples_split=17, n_estimators=49;, score=-1.744 total time=   1.8s
[CV 6/10] END max_depth=10, max_features=1.0, min_samples_leaf=10, min_samples_split=17, n_estimators=49;, score=-1.724 total time=   1.9s
[CV 7/10] END max_depth=10, max_features=1.0, min_samples_leaf=10, min_samples_split=17, n_estimators=49;, score=-1.781 total time=   1.8s
[CV 8/10] END max_depth=10, max_features=1.0, min_samples_leaf=10, min_samples_split=17, n_estimators=49;, score=-1.791 total time=   1.8s
[CV 9/10] END max_depth=10, max_features=1.0, min_samples_leaf=10, min_samples_split=17, n_estimators=49;, score=-1.785 total time=   1.8s
[CV 10/10] END max_depth=10, max_features=1.0, min_samples_leaf=10, min_samples_split=17, n_estimators=49;, score=-1.718 total time=   1.8s
Fitting 10 folds for each of 1 candidates, totalling 10 fits
[CV 1/10] END max_depth=22, max_features=0.4, min_samples_leaf=18, min_samples_split=9, n_estimators=54;, score=-2.727 total time=   1.3s
[CV 2/10] END max_depth=22, max_features=0.4, min_samples_leaf=18, min_samples_split=9, n_estimators=54;, score=-2.577 total time=   1.3s
[CV 3/10] END max_depth=22, max_features=0.4, min_samples_leaf=18, min_samples_split=9, n_estimators=54;, score=-2.639 total time=   1.3s
[CV 4/10] END max_depth=22, max_features=0.4, min_samples_leaf=18, min_samples_split=9, n_estimators=54;, score=-2.734 total time=   1.3s
[CV 5/10] END max_depth=22, max_features=0.4, min_samples_leaf=18, min_samples_split=9, n_estimators=54;, score=-2.342 total time=   1.3s
[CV 6/10] END max_depth=22, max_features=0.4, min_samples_leaf=18, min_samples_split=9, n_estimators=54;, score=-2.704 total time=   1.3s
[CV 7/10] END max_depth=22, max_features=0.4, min_samples_leaf=18, min_samples_split=9, n_estimators=54;, score=-2.581 total time=   1.3s
[CV 8/10] END max_depth=22, max_features=0.4, min_samples_leaf=18, min_samples_split=9, n_estimators=54;, score=-2.514 total time=   1.3s
[CV 9/10] END max_depth=22, max_features=0.4, min_samples_leaf=18, min_samples_split=9, n_estimators=54;, score=-2.492 total time=   1.3s
[CV 10/10] END max_depth=22, max_features=0.4, min_samples_leaf=18, min_samples_split=9, n_estimators=54;, score=-2.524 total time=   1.3s
Fitting 10 folds for each of 1 candidates, totalling 10 fits
[CV 1/10] END max_depth=None, max_features=0.7, min_samples_leaf=15, min_samples_split=7, n_estimators=68;, score=-1.289 total time=   2.8s
[CV 2/10] END max_depth=None, max_features=0.7, min_samples_leaf=15, min_samples_split=7, n_estimators=68;, score=-1.310 total time=   2.7s
[CV 3/10] END max_depth=None, max_features=0.7, min_samples_leaf=15, min_samples_split=7, n_estimators=68;, score=-1.335 total time=   2.7s
[CV 4/10] END max_depth=None, max_features=0.7, min_samples_leaf=15, min_samples_split=7, n_estimators=68;, score=-1.309 total time=   2.7s
[CV 5/10] END max_depth=None, max_features=0.7, min_samples_leaf=15, min_samples_split=7, n_estimators=68;, score=-1.274 total time=   2.7s
[CV 6/10] END max_depth=None, max_features=0.7, min_samples_leaf=15, min_samples_split=7, n_estimators=68;, score=-1.282 total time=   2.7s
[CV 7/10] END max_depth=None, max_features=0.7, min_samples_leaf=15, min_samples_split=7, n_estimators=68;, score=-1.331 total time=   2.7s
[CV 8/10] END max_depth=None, max_features=0.7, min_samples_leaf=15, min_samples_split=7, n_estimators=68;, score=-1.326 total time=   2.7s
[CV 9/10] END max_depth=None, max_features=0.7, min_samples_leaf=15, min_samples_split=7, n_estimators=68;, score=-1.333 total time=   2.7s
[CV 10/10] END max_depth=None, max_features=0.7, min_samples_leaf=15, min_samples_split=7, n_estimators=68;, score=-1.279 total time=   2.7s
Fitting 10 folds for each of 1 candidates, totalling 10 fits
[CV 1/10] END max_depth=2, max_features=1.0, min_samples_leaf=20, min_samples_split=2, n_estimators=100;, score=-19.327 total time=   0.8s
[CV 2/10] END max_depth=2, max_features=1.0, min_samples_leaf=20, min_samples_split=2, n_estimators=100;, score=-19.222 total time=   0.8s
[CV 3/10] END max_depth=2, max_features=1.0, min_samples_leaf=20, min_samples_split=2, n_estimators=100;, score=-19.434 total time=   0.8s
[CV 4/10] END max_depth=2, max_features=1.0, min_samples_leaf=20, min_samples_split=2, n_estimators=100;, score=-19.322 total time=   0.8s
[CV 5/10] END max_depth=2, max_features=1.0, min_samples_leaf=20, min_samples_split=2, n_estimators=100;, score=-19.624 total time=   0.8s
[CV 6/10] END max_depth=2, max_features=1.0, min_samples_leaf=20, min_samples_split=2, n_estimators=100;, score=-19.600 total time=   0.8s
[CV 7/10] END max_depth=2, max_features=1.0, min_samples_leaf=20, min_samples_split=2, n_estimators=100;, score=-19.268 total time=   0.8s
[CV 8/10] END max_depth=2, max_features=1.0, min_samples_leaf=20, min_samples_split=2, n_estimators=100;, score=-19.576 total time=   0.8s
[CV 9/10] END max_depth=2, max_features=1.0, min_samples_leaf=20, min_samples_split=2, n_estimators=100;, score=-19.967 total time=   0.8s
[CV 10/10] END max_depth=2, max_features=1.0, min_samples_leaf=20, min_samples_split=2, n_estimators=100;, score=-18.899 total time=   0.8s
Fitting 10 folds for each of 1 candidates, totalling 10 fits
[CV 1/10] END max_depth=None, max_features=1.0, min_samples_leaf=20, min_samples_split=2, n_estimators=100;, score=-1.179 total time=   5.7s
[CV 2/10] END max_depth=None, max_features=1.0, min_samples_leaf=20, min_samples_split=2, n_estimators=100;, score=-1.198 total time=   5.6s
[CV 3/10] END max_depth=None, max_features=1.0, min_samples_leaf=20, min_samples_split=2, n_estimators=100;, score=-1.233 total time=   5.6s
[CV 4/10] END max_depth=None, max_features=1.0, min_samples_leaf=20, min_samples_split=2, n_estimators=100;, score=-1.202 total time=   5.6s
[CV 5/10] END max_depth=None, max_features=1.0, min_samples_leaf=20, min_samples_split=2, n_estimators=100;, score=-1.166 total time=   5.6s
[CV 6/10] END max_depth=None, max_features=1.0, min_samples_leaf=20, min_samples_split=2, n_estimators=100;, score=-1.171 total time=   5.6s
[CV 7/10] END max_depth=None, max_features=1.0, min_samples_leaf=20, min_samples_split=2, n_estimators=100;, score=-1.213 total time=   5.6s
[CV 8/10] END max_depth=None, max_features=1.0, min_samples_leaf=20, min_samples_split=2, n_estimators=100;, score=-1.208 total time=   5.6s
[CV 9/10] END max_depth=None, max_features=1.0, min_samples_leaf=20, min_samples_split=2, n_estimators=100;, score=-1.215 total time=   5.6s
[CV 10/10] END max_depth=None, max_features=1.0, min_samples_leaf=20, min_samples_split=2, n_estimators=100;, score=-1.168 total time=   5.6s
Fitting 10 folds for each of 1 candidates, totalling 10 fits
[CV 1/10] END max_depth=18, max_features=1.0, min_samples_leaf=20, min_samples_split=2, n_estimators=100;, score=-1.195 total time=   5.6s
[CV 2/10] END max_depth=18, max_features=1.0, min_samples_leaf=20, min_samples_split=2, n_estimators=100;, score=-1.207 total time=   5.5s
[CV 3/10] END max_depth=18, max_features=1.0, min_samples_leaf=20, min_samples_split=2, n_estimators=100;, score=-1.246 total time=   5.5s
[CV 4/10] END max_depth=18, max_features=1.0, min_samples_leaf=20, min_samples_split=2, n_estimators=100;, score=-1.220 total time=   5.5s
[CV 5/10] END max_depth=18, max_features=1.0, min_samples_leaf=20, min_samples_split=2, n_estimators=100;, score=-1.183 total time=   5.5s
[CV 6/10] END max_depth=18, max_features=1.0, min_samples_leaf=20, min_samples_split=2, n_estimators=100;, score=-1.189 total time=   5.5s
[CV 7/10] END max_depth=18, max_features=1.0, min_samples_leaf=20, min_samples_split=2, n_estimators=100;, score=-1.225 total time=   5.5s
[CV 8/10] END max_depth=18, max_features=1.0, min_samples_leaf=20, min_samples_split=2, n_estimators=100;, score=-1.224 total time=   5.5s
[CV 9/10] END max_depth=18, max_features=1.0, min_samples_leaf=20, min_samples_split=2, n_estimators=100;, score=-1.230 total time=   5.6s
[CV 10/10] END max_depth=18, max_features=1.0, min_samples_leaf=20, min_samples_split=2, n_estimators=100;, score=-1.181 total time=   5.5s
Fitting 10 folds for each of 1 candidates, totalling 10 fits
[CV 1/10] END max_depth=18, max_features=1.0, min_samples_leaf=1, min_samples_split=20, n_estimators=100;, score=-1.002 total time=   6.3s
[CV 2/10] END max_depth=18, max_features=1.0, min_samples_leaf=1, min_samples_split=20, n_estimators=100;, score=-1.015 total time=   6.3s
[CV 3/10] END max_depth=18, max_features=1.0, min_samples_leaf=1, min_samples_split=20, n_estimators=100;, score=-1.051 total time=   6.3s
[CV 4/10] END max_depth=18, max_features=1.0, min_samples_leaf=1, min_samples_split=20, n_estimators=100;, score=-1.018 total time=   6.3s
[CV 5/10] END max_depth=18, max_features=1.0, min_samples_leaf=1, min_samples_split=20, n_estimators=100;, score=-0.990 total time=   6.3s
[CV 6/10] END max_depth=18, max_features=1.0, min_samples_leaf=1, min_samples_split=20, n_estimators=100;, score=-0.995 total time=   6.3s
[CV 7/10] END max_depth=18, max_features=1.0, min_samples_leaf=1, min_samples_split=20, n_estimators=100;, score=-1.024 total time=   6.3s
[CV 8/10] END max_depth=18, max_features=1.0, min_samples_leaf=1, min_samples_split=20, n_estimators=100;, score=-1.025 total time=   6.3s
[CV 9/10] END max_depth=18, max_features=1.0, min_samples_leaf=1, min_samples_split=20, n_estimators=100;, score=-1.037 total time=   6.3s
[CV 10/10] END max_depth=18, max_features=1.0, min_samples_leaf=1, min_samples_split=20, n_estimators=100;, score=-0.988 total time=   6.3s
Fitting 10 folds for each of 1 candidates, totalling 10 fits
[CV 1/10] END max_depth=None, max_features=1.0, min_samples_leaf=1, min_samples_split=2, n_estimators=78;, score=-1.062 total time=  10.3s
[CV 2/10] END max_depth=None, max_features=1.0, min_samples_leaf=1, min_samples_split=2, n_estimators=78;, score=-1.071 total time=  10.3s
[CV 3/10] END max_depth=None, max_features=1.0, min_samples_leaf=1, min_samples_split=2, n_estimators=78;, score=-1.099 total time=  10.3s
[CV 4/10] END max_depth=None, max_features=1.0, min_samples_leaf=1, min_samples_split=2, n_estimators=78;, score=-1.074 total time=  10.3s
[CV 5/10] END max_depth=None, max_features=1.0, min_samples_leaf=1, min_samples_split=2, n_estimators=78;, score=-1.048 total time=  10.3s
[CV 6/10] END max_depth=None, max_features=1.0, min_samples_leaf=1, min_samples_split=2, n_estimators=78;, score=-1.069 total time=  10.3s
[CV 7/10] END max_depth=None, max_features=1.0, min_samples_leaf=1, min_samples_split=2, n_estimators=78;, score=-1.065 total time=  10.3s
[CV 8/10] END max_depth=None, max_features=1.0, min_samples_leaf=1, min_samples_split=2, n_estimators=78;, score=-1.105 total time=  10.4s
[CV 9/10] END max_depth=None, max_features=1.0, min_samples_leaf=1, min_samples_split=2, n_estimators=78;, score=-1.075 total time=  10.3s
[CV 10/10] END max_depth=None, max_features=1.0, min_samples_leaf=1, min_samples_split=2, n_estimators=78;, score=-1.022 total time=  10.3s
Fitting 10 folds for each of 1 candidates, totalling 10 fits
[CV 1/10] END max_depth=None, max_features=1.0, min_samples_leaf=1, min_samples_split=20, n_estimators=100;, score=-0.939 total time=   6.7s
[CV 2/10] END max_depth=None, max_features=1.0, min_samples_leaf=1, min_samples_split=20, n_estimators=100;, score=-0.955 total time=   6.7s
[CV 3/10] END max_depth=None, max_features=1.0, min_samples_leaf=1, min_samples_split=20, n_estimators=100;, score=-0.982 total time=   6.7s
[CV 4/10] END max_depth=None, max_features=1.0, min_samples_leaf=1, min_samples_split=20, n_estimators=100;, score=-0.964 total time=   6.7s
[CV 5/10] END max_depth=None, max_features=1.0, min_samples_leaf=1, min_samples_split=20, n_estimators=100;, score=-0.927 total time=   6.7s
[CV 6/10] END max_depth=None, max_features=1.0, min_samples_leaf=1, min_samples_split=20, n_estimators=100;, score=-0.945 total time=   6.7s
[CV 7/10] END max_depth=None, max_features=1.0, min_samples_leaf=1, min_samples_split=20, n_estimators=100;, score=-0.963 total time=   6.7s
[CV 8/10] END max_depth=None, max_features=1.0, min_samples_leaf=1, min_samples_split=20, n_estimators=100;, score=-0.965 total time=   6.7s
[CV 9/10] END max_depth=None, max_features=1.0, min_samples_leaf=1, min_samples_split=20, n_estimators=100;, score=-0.969 total time=   6.6s
[CV 10/10] END max_depth=None, max_features=1.0, min_samples_leaf=1, min_samples_split=20, n_estimators=100;, score=-0.926 total time=   6.7s
Fitting 10 folds for each of 1 candidates, totalling 10 fits
[CV 1/10] END max_depth=2, max_features=0.1, min_samples_leaf=2, min_samples_split=13, n_estimators=42;, score=-43.981 total time=   0.1s
[CV 2/10] END max_depth=2, max_features=0.1, min_samples_leaf=2, min_samples_split=13, n_estimators=42;, score=-43.957 total time=   0.1s
[CV 3/10] END max_depth=2, max_features=0.1, min_samples_leaf=2, min_samples_split=13, n_estimators=42;, score=-44.175 total time=   0.1s
[CV 4/10] END max_depth=2, max_features=0.1, min_samples_leaf=2, min_samples_split=13, n_estimators=42;, score=-43.963 total time=   0.1s
[CV 5/10] END max_depth=2, max_features=0.1, min_samples_leaf=2, min_samples_split=13, n_estimators=42;, score=-44.465 total time=   0.1s
[CV 6/10] END max_depth=2, max_features=0.1, min_samples_leaf=2, min_samples_split=13, n_estimators=42;, score=-44.583 total time=   0.1s
[CV 7/10] END max_depth=2, max_features=0.1, min_samples_leaf=2, min_samples_split=13, n_estimators=42;, score=-44.188 total time=   0.1s
[CV 8/10] END max_depth=2, max_features=0.1, min_samples_leaf=2, min_samples_split=13, n_estimators=42;, score=-44.349 total time=   0.1s
[CV 9/10] END max_depth=2, max_features=0.1, min_samples_leaf=2, min_samples_split=13, n_estimators=42;, score=-44.991 total time=   0.1s
[CV 10/10] END max_depth=2, max_features=0.1, min_samples_leaf=2, min_samples_split=13, n_estimators=42;, score=-43.307 total time=   0.1s/home/ykaitsas/.local/lib/python3.11/site-packages/skopt/optimizer/optimizer.py:517: UserWarning: The objective has been evaluated at point [None, None, np.int64(1), np.int64(20), np.int64(100)] before, using random point [10, np.float64(0.7), np.int64(19), np.int64(10), np.int64(41)]
  warnings.warn(

Fitting 10 folds for each of 1 candidates, totalling 10 fits
[CV 1/10] END max_depth=None, max_features=None, min_samples_leaf=1, min_samples_split=20, n_estimators=100;, score=-0.939 total time=   6.7s
[CV 2/10] END max_depth=None, max_features=None, min_samples_leaf=1, min_samples_split=20, n_estimators=100;, score=-0.955 total time=   6.7s
[CV 3/10] END max_depth=None, max_features=None, min_samples_leaf=1, min_samples_split=20, n_estimators=100;, score=-0.982 total time=   6.7s
[CV 4/10] END max_depth=None, max_features=None, min_samples_leaf=1, min_samples_split=20, n_estimators=100;, score=-0.964 total time=   6.7s
[CV 5/10] END max_depth=None, max_features=None, min_samples_leaf=1, min_samples_split=20, n_estimators=100;, score=-0.927 total time=   6.7s
[CV 6/10] END max_depth=None, max_features=None, min_samples_leaf=1, min_samples_split=20, n_estimators=100;, score=-0.945 total time=   6.7s
[CV 7/10] END max_depth=None, max_features=None, min_samples_leaf=1, min_samples_split=20, n_estimators=100;, score=-0.963 total time=   6.7s
[CV 8/10] END max_depth=None, max_features=None, min_samples_leaf=1, min_samples_split=20, n_estimators=100;, score=-0.965 total time=   6.7s
[CV 9/10] END max_depth=None, max_features=None, min_samples_leaf=1, min_samples_split=20, n_estimators=100;, score=-0.969 total time=   6.6s
[CV 10/10] END max_depth=None, max_features=None, min_samples_leaf=1, min_samples_split=20, n_estimators=100;, score=-0.926 total time=   6.7s
Fitting 10 folds for each of 1 candidates, totalling 10 fits
[CV 1/10] END max_depth=None, max_features=sqrt, min_samples_leaf=1, min_samples_split=20, n_estimators=100;, score=-1.678 total time=   3.0s
[CV 2/10] END max_depth=None, max_features=sqrt, min_samples_leaf=1, min_samples_split=20, n_estimators=100;, score=-1.658 total time=   3.0s
[CV 3/10] END max_depth=None, max_features=sqrt, min_samples_leaf=1, min_samples_split=20, n_estimators=100;, score=-1.698 total time=   3.0s
[CV 4/10] END max_depth=None, max_features=sqrt, min_samples_leaf=1, min_samples_split=20, n_estimators=100;, score=-1.636 total time=   3.0s
[CV 5/10] END max_depth=None, max_features=sqrt, min_samples_leaf=1, min_samples_split=20, n_estimators=100;, score=-1.655 total time=   3.0s
[CV 6/10] END max_depth=None, max_features=sqrt, min_samples_leaf=1, min_samples_split=20, n_estimators=100;, score=-1.678 total time=   3.0s
[CV 7/10] END max_depth=None, max_features=sqrt, min_samples_leaf=1, min_samples_split=20, n_estimators=100;, score=-1.661 total time=   3.0s
[CV 8/10] END max_depth=None, max_features=sqrt, min_samples_leaf=1, min_samples_split=20, n_estimators=100;, score=-1.697 total time=   3.0s
[CV 9/10] END max_depth=None, max_features=sqrt, min_samples_leaf=1, min_samples_split=20, n_estimators=100;, score=-1.703 total time=   3.0s
[CV 10/10] END max_depth=None, max_features=sqrt, min_samples_leaf=1, min_samples_split=20, n_estimators=100;, score=-1.604 total time=   3.0s
Fitting 10 folds for each of 1 candidates, totalling 10 fits
[CV 1/10] END max_depth=10, max_features=0.7, min_samples_leaf=19, min_samples_split=10, n_estimators=41;, score=-2.183 total time=   1.0s
[CV 2/10] END max_depth=10, max_features=0.7, min_samples_leaf=19, min_samples_split=10, n_estimators=41;, score=-2.100 total time=   1.0s
[CV 3/10] END max_depth=10, max_features=0.7, min_samples_leaf=19, min_samples_split=10, n_estimators=41;, score=-2.077 total time=   1.0s
[CV 4/10] END max_depth=10, max_features=0.7, min_samples_leaf=19, min_samples_split=10, n_estimators=41;, score=-2.131 total time=   1.0s
[CV 5/10] END max_depth=10, max_features=0.7, min_samples_leaf=19, min_samples_split=10, n_estimators=41;, score=-2.053 total time=   1.0s
[CV 6/10] END max_depth=10, max_features=0.7, min_samples_leaf=19, min_samples_split=10, n_estimators=41;, score=-2.032 total time=   1.0s
[CV 7/10] END max_depth=10, max_features=0.7, min_samples_leaf=19, min_samples_split=10, n_estimators=41;, score=-2.144 total time=   1.0s
[CV 8/10] END max_depth=10, max_features=0.7, min_samples_leaf=19, min_samples_split=10, n_estimators=41;, score=-2.088 total time=   1.0s
[CV 9/10] END max_depth=10, max_features=0.7, min_samples_leaf=19, min_samples_split=10, n_estimators=41;, score=-2.146 total time=   1.0s
[CV 10/10] END max_depth=10, max_features=0.7, min_samples_leaf=19, min_samples_split=10, n_estimators=41;, score=-2.035 total time=   1.0s
Hyperparameter Optimization Runtime: 731.57 s

Best parameters found by BayesSearchCV:
OrderedDict([('max_depth', None), ('max_features', 1.0), ('min_samples_leaf', 1), ('min_samples_split', 20), ('n_estimators', 100)])

Best cross-validated score (negative MSE):
-0.9534634325135715

Training Best Model on the Whole Dataset...
